<?xml version="1.0"?><coverage lines-covered="2155" lines-valid="3855" line-rate="0.5590142671854734" branches-covered="0" branches-valid="0" branch-rate="0" complexity="0" version="1.9" timestamp="1780236597"><sources><source>/Volumes/Projects/Rust/Projects/splatter_iron</source></sources><packages><package name="src/app" line-rate="0.13253012048192772" branch-rate="0" complexity="0"><classes><class name="frame" filename="src/app/frame.rs" line-rate="0.1388888888888889" branch-rate="0" complexity="0"><methods/><lines><line number="23" hits="0"/><line number="25" hits="0"/><line number="26" hits="0"/><line number="29" hits="0"/><line number="31" hits="0"/><line number="32" hits="0"/><line number="33" hits="0"/><line number="34" hits="0"/><line number="36" hits="0"/><line number="37" hits="0"/><line number="40" hits="0"/><line number="41" hits="0"/><line number="42" hits="0"/><line number="47" hits="0"/><line number="48" hits="0"/><line number="49" hits="0"/><line number="50" hits="0"/><line number="55" hits="0"/><line number="56" hits="0"/><line number="57" hits="0"/><line number="58" hits="0"/><line number="59" hits="0"/><line number="60" hits="0"/><line number="61" hits="0"/><line number="62" hits="0"/><line number="63" hits="0"/><line number="65" hits="0"/><line number="67" hits="0"/><line number="70" hits="0"/><line number="71" hits="0"/><line number="73" hits="0"/><line number="75" hits="0"/><line number="77" hits="0"/><line number="78" hits="0"/><line number="81" hits="0"/><line number="82" hits="0"/><line number="83" hits="0"/><line number="84" hits="0"/><line number="85" hits="0"/><line number="86" hits="0"/><line number="87" hits="0"/><line number="91" hits="0"/><line number="92" hits="0"/><line number="94" hits="0"/><line number="95" hits="0"/><line number="96" hits="0"/><line number="97" hits="0"/><line number="98" hits="0"/><line number="99" hits="0"/><line number="102" hits="0"/><line number="106" hits="0"/><line number="107" hits="0"/><line number="108" hits="0"/><line number="109" hits="0"/><line number="110" hits="0"/><line number="111" hits="0"/><line number="115" hits="0"/><line number="116" hits="0"/><line number="121" hits="0"/><line number="122" hits="0"/><line number="123" hits="0"/><line number="126" hits="0"/><line number="127" hits="0"/><line number="129" hits="0"/><line number="130" hits="0"/><line number="131" hits="0"/><line number="133" hits="0"/><line number="135" hits="0"/><line number="136" hits="0"/><line number="137" hits="0"/><line number="138" hits="0"/><line number="139" hits="0"/><line number="140" hits="0"/><line number="142" hits="0"/><line number="145" hits="0"/><line number="146" hits="0"/><line number="149" hits="0"/><line number="150" hits="0"/><line number="153" hits="0"/><line number="157" hits="0"/><line number="158" hits="0"/><line number="159" hits="0"/><line number="160" hits="0"/><line number="161" hits="0"/><line number="163" hits="0"/><line number="167" hits="0"/><line number="169" hits="0"/><line number="170" hits="0"/><line number="171" hits="0"/><line number="172" hits="0"/><line number="173" hits="0"/><line number="174" hits="0"/><line number="177" hits="0"/><line number="178" hits="0"/><line number="196" hits="0"/><line number="197" hits="0"/><line number="198" hits="0"/><line number="200" hits="0"/><line number="201" hits="0"/><line number="203" hits="0"/><line number="204" hits="0"/><line number="205" hits="0"/><line number="206" hits="0"/><line number="207" hits="0"/><line number="211" hits="0"/><line number="218" hits="0"/><line number="219" hits="0"/><line number="220" hits="0"/><line number="221" hits="0"/><line number="222" hits="0"/><line number="223" hits="0"/><line number="224" hits="0"/><line number="225" hits="0"/><line number="226" hits="0"/><line number="227" hits="0"/><line number="230" hits="0"/><line number="231" hits="0"/><line number="232" hits="0"/><line number="233" hits="0"/><line number="234" hits="0"/><line number="235" hits="0"/><line number="236" hits="0"/><line number="237" hits="0"/><line number="238" hits="0"/><line number="243" hits="4"/><line number="244" hits="4"/><line number="245" hits="6"/><line number="246" hits="6"/><line number="247" hits="6"/><line number="248" hits="3"/><line number="249" hits="3"/><line number="251" hits="4"/><line number="252" hits="4"/><line number="253" hits="4"/><line number="254" hits="4"/><line number="255" hits="4"/><line number="259" hits="4"/><line number="260" hits="6"/><line number="261" hits="6"/><line number="262" hits="6"/><line number="263" hits="3"/><line number="264" hits="3"/><line number="266" hits="4"/><line number="267" hits="4"/></lines></class><class name="mod" filename="src/app/mod.rs" line-rate="0.12380952380952381" branch-rate="0" complexity="0"><methods/><lines><line number="73" hits="14"/><line number="74" hits="56"/><line number="75" hits="14"/><line number="212" hits="0"/><line number="213" hits="0"/><line number="214" hits="0"/><line number="215" hits="0"/><line number="216" hits="0"/><line number="217" hits="0"/><line number="218" hits="0"/><line number="248" hits="43"/><line number="270" hits="43"/><line number="271" hits="43"/><line number="283" hits="43"/><line number="378" hits="42"/><line number="390" hits="84"/><line number="392" hits="126"/><line number="393" hits="84"/><line number="394" hits="84"/><line number="395" hits="84"/><line number="457" hits="0"/><line number="459" hits="0"/><line number="460" hits="0"/><line number="461" hits="0"/><line number="462" hits="0"/><line number="464" hits="0"/><line number="466" hits="0"/><line number="467" hits="0"/><line number="468" hits="0"/><line number="472" hits="0"/><line number="473" hits="0"/><line number="475" hits="0"/><line number="478" hits="0"/><line number="479" hits="0"/><line number="481" hits="0"/><line number="482" hits="0"/><line number="484" hits="0"/><line number="485" hits="0"/><line number="486" hits="0"/><line number="487" hits="0"/><line number="488" hits="0"/><line number="489" hits="0"/><line number="490" hits="0"/><line number="492" hits="0"/><line number="493" hits="0"/><line number="494" hits="0"/><line number="495" hits="0"/><line number="496" hits="0"/><line number="497" hits="0"/><line number="498" hits="0"/><line number="499" hits="0"/><line number="500" hits="0"/><line number="501" hits="0"/><line number="504" hits="0"/><line number="505" hits="0"/><line number="506" hits="0"/><line number="507" hits="0"/><line number="508" hits="0"/><line number="509" hits="0"/><line number="511" hits="0"/><line number="512" hits="0"/><line number="513" hits="0"/><line number="514" hits="0"/><line number="518" hits="0"/><line number="523" hits="0"/><line number="524" hits="0"/><line number="525" hits="0"/><line number="526" hits="0"/><line number="527" hits="0"/><line number="528" hits="0"/><line number="529" hits="0"/><line number="535" hits="0"/><line number="537" hits="0"/><line number="538" hits="0"/><line number="546" hits="0"/><line number="566" hits="0"/><line number="569" hits="0"/><line number="571" hits="0"/><line number="572" hits="0"/><line number="575" hits="0"/><line number="577" hits="0"/><line number="579" hits="0"/><line number="580" hits="0"/><line number="581" hits="0"/><line number="582" hits="0"/><line number="583" hits="0"/><line number="584" hits="0"/><line number="585" hits="0"/><line number="586" hits="0"/><line number="589" hits="0"/><line number="590" hits="0"/><line number="592" hits="0"/><line number="594" hits="0"/><line number="597" hits="0"/><line number="598" hits="0"/><line number="600" hits="0"/><line number="602" hits="0"/><line number="603" hits="0"/><line number="604" hits="0"/><line number="607" hits="0"/><line number="608" hits="0"/><line number="609" hits="0"/><line number="610" hits="0"/><line number="613" hits="0"/><line number="614" hits="0"/></lines></class></classes></package><package name="src/tools" line-rate="0.8441295546558705" branch-rate="0" complexity="0"><classes><class name="brush_common" filename="src/tools/brush_common.rs" line-rate="0.9117647058823529" branch-rate="0" complexity="0"><methods/><lines><line number="43" hits="9"/><line number="54" hits="27"/><line number="56" hits="57"/><line number="57" hits="96"/><line number="58" hits="96"/><line number="59" hits="152"/><line number="60" hits="208"/><line number="61" hits="104"/><line number="62" hits="56"/><line number="63" hits="56"/><line number="65" hits="51"/><line number="66" hits="0"/><line number="67" hits="0"/><line number="69" hits="96"/><line number="70" hits="96"/><line number="71" hits="300"/><line number="72" hits="518"/><line number="73" hits="259"/><line number="74" hits="7"/><line number="76" hits="261"/><line number="77" hits="0"/><line number="79" hits="756"/><line number="80" hits="504"/><line number="81" hits="27"/><line number="83" hits="243"/><line number="85" hits="261"/><line number="86" hits="9"/><line number="88" hits="252"/><line number="90" hits="144"/><line number="91" hits="144"/><line number="92" hits="96"/><line number="93" hits="48"/><line number="94" hits="48"/><line number="99" hits="9"/></lines></class><class name="brush_parsers" filename="src/tools/brush_parsers.rs" line-rate="0.6604938271604939" branch-rate="0" complexity="0"><methods/><lines><line number="30" hits="4"/><line number="31" hits="7"/><line number="33" hits="10"/><line number="34" hits="10"/><line number="35" hits="7"/><line number="37" hits="13"/><line number="39" hits="4"/><line number="41" hits="8"/><line number="42" hits="2"/><line number="44" hits="3"/><line number="45" hits="4"/><line number="46" hits="1"/><line number="47" hits="1"/><line number="51" hits="2"/><line number="52" hits="1"/><line number="54" hits="0"/><line number="55" hits="0"/><line number="59" hits="1"/><line number="72" hits="9"/><line number="73" hits="9"/><line number="74" hits="2"/><line number="76" hits="7"/><line number="77" hits="0"/><line number="81" hits="35"/><line number="82" hits="14"/><line number="83" hits="20"/><line number="84" hits="14"/><line number="86" hits="13"/><line number="87" hits="0"/><line number="90" hits="35"/><line number="91" hits="35"/><line number="92" hits="35"/><line number="94" hits="13"/><line number="95" hits="1"/><line number="97" hits="11"/><line number="98" hits="1"/><line number="101" hits="15"/><line number="102" hits="4"/><line number="103" hits="0"/><line number="105" hits="20"/><line number="106" hits="4"/><line number="108" hits="1"/><line number="111" hits="10"/><line number="112" hits="10"/><line number="113" hits="10"/><line number="114" hits="0"/><line number="117" hits="20"/><line number="118" hits="15"/><line number="120" hits="5"/><line number="123" hits="9"/><line number="124" hits="16"/><line number="125" hits="8"/><line number="130" hits="34"/><line number="131" hits="26"/><line number="132" hits="78"/><line number="133" hits="26"/><line number="139" hits="10"/><line number="140" hits="10"/><line number="141" hits="10"/><line number="142" hits="10"/><line number="143" hits="5"/><line number="144" hits="5"/><line number="158" hits="10"/><line number="159" hits="10"/><line number="160" hits="2"/><line number="162" hits="8"/><line number="163" hits="0"/><line number="166" hits="24"/><line number="167" hits="16"/><line number="168" hits="1"/><line number="169" hits="1"/><line number="174" hits="21"/><line number="175" hits="21"/><line number="180" hits="14"/><line number="181" hits="0"/><line number="182" hits="7"/><line number="183" hits="7"/><line number="185" hits="0"/><line number="189" hits="14"/><line number="190" hits="14"/><line number="191" hits="1"/><line number="195" hits="12"/><line number="196" hits="12"/><line number="199" hits="36"/><line number="200" hits="6"/><line number="203" hits="24"/><line number="204" hits="24"/><line number="207" hits="16"/><line number="208" hits="16"/><line number="209" hits="16"/><line number="210" hits="16"/><line number="211" hits="8"/><line number="212" hits="8"/><line number="213" hits="8"/><line number="216" hits="0"/><line number="217" hits="0"/><line number="218" hits="0"/><line number="219" hits="0"/><line number="220" hits="0"/><line number="221" hits="0"/><line number="224" hits="17"/><line number="226" hits="6"/><line number="227" hits="2"/><line number="231" hits="23"/><line number="233" hits="35"/><line number="234" hits="14"/><line number="239" hits="16"/><line number="240" hits="8"/><line number="241" hits="8"/><line number="244" hits="12"/><line number="245" hits="0"/><line number="247" hits="6"/><line number="256" hits="1"/><line number="261" hits="2"/><line number="262" hits="0"/><line number="266" hits="2"/><line number="267" hits="1"/><line number="268" hits="2"/><line number="269" hits="0"/><line number="271" hits="3"/><line number="272" hits="3"/><line number="273" hits="2"/><line number="274" hits="2"/><line number="275" hits="1"/><line number="276" hits="1"/><line number="277" hits="1"/><line number="279" hits="1"/><line number="281" hits="0"/><line number="282" hits="0"/><line number="283" hits="0"/><line number="284" hits="0"/><line number="285" hits="0"/><line number="286" hits="0"/><line number="287" hits="0"/><line number="288" hits="0"/><line number="290" hits="0"/><line number="292" hits="0"/><line number="293" hits="0"/><line number="294" hits="0"/><line number="297" hits="0"/><line number="300" hits="1"/><line number="301" hits="3"/><line number="303" hits="4"/><line number="304" hits="2"/><line number="305" hits="1"/><line number="308" hits="0"/><line number="312" hits="0"/><line number="316" hits="1"/><line number="318" hits="2"/><line number="319" hits="0"/><line number="324" hits="4"/><line number="325" hits="2"/><line number="326" hits="1"/><line number="330" hits="0"/><line number="334" hits="1"/><line number="336" hits="3"/><line number="340" hits="0"/><line number="341" hits="0"/><line number="342" hits="0"/><line number="343" hits="0"/><line number="344" hits="0"/><line number="345" hits="0"/><line number="346" hits="0"/><line number="347" hits="0"/><line number="349" hits="0"/><line number="350" hits="0"/><line number="351" hits="0"/><line number="352" hits="0"/><line number="353" hits="0"/><line number="354" hits="0"/><line number="359" hits="1"/><line number="360" hits="2"/><line number="362" hits="4"/><line number="363" hits="2"/><line number="365" hits="3"/><line number="366" hits="1"/><line number="369" hits="0"/><line number="372" hits="3"/><line number="373" hits="10"/><line number="375" hits="28"/><line number="376" hits="8"/><line number="378" hits="1"/><line number="379" hits="2"/><line number="380" hits="2"/><line number="381" hits="1"/><line number="382" hits="1"/><line number="383" hits="1"/><line number="390" hits="7"/><line number="400" hits="21"/><line number="401" hits="21"/><line number="402" hits="21"/><line number="403" hits="21"/><line number="404" hits="21"/><line number="405" hits="21"/><line number="407" hits="14"/><line number="408" hits="44"/><line number="409" hits="51"/><line number="410" hits="51"/><line number="411" hits="34"/><line number="412" hits="34"/><line number="413" hits="17"/><line number="414" hits="17"/><line number="415" hits="17"/><line number="416" hits="17"/><line number="418" hits="49"/><line number="419" hits="45"/><line number="421" hits="2"/><line number="423" hits="15"/><line number="425" hits="15"/><line number="426" hits="0"/><line number="428" hits="45"/><line number="430" hits="15"/><line number="431" hits="22"/><line number="432" hits="0"/><line number="433" hits="0"/><line number="434" hits="0"/><line number="435" hits="2"/><line number="436" hits="7"/><line number="437" hits="0"/><line number="441" hits="14"/><line number="442" hits="14"/><line number="443" hits="14"/><line number="444" hits="21"/><line number="445" hits="21"/><line number="447" hits="14"/><line number="448" hits="25"/><line number="449" hits="8"/><line number="450" hits="0"/><line number="451" hits="0"/><line number="452" hits="0"/><line number="455" hits="7"/><line number="456" hits="14"/><line number="457" hits="14"/><line number="458" hits="14"/><line number="459" hits="7"/><line number="460" hits="7"/><line number="465" hits="5"/><line number="466" hits="10"/><line number="467" hits="15"/><line number="468" hits="10"/><line number="469" hits="10"/><line number="470" hits="10"/><line number="473" hits="15"/><line number="474" hits="15"/><line number="476" hits="35"/><line number="477" hits="210"/><line number="478" hits="360"/><line number="479" hits="360"/><line number="480" hits="720"/><line number="481" hits="360"/><line number="482" hits="160"/><line number="483" hits="20"/><line number="484" hits="20"/><line number="487" hits="0"/><line number="488" hits="0"/><line number="490" hits="540"/><line number="491" hits="540"/><line number="494" hits="5"/><line number="498" hits="2"/><line number="499" hits="4"/><line number="500" hits="6"/><line number="501" hits="10"/><line number="503" hits="10"/><line number="504" hits="40"/><line number="505" hits="128"/><line number="506" hits="128"/><line number="507" hits="128"/><line number="508" hits="64"/><line number="509" hits="18"/><line number="511" hits="28"/><line number="512" hits="14"/><line number="514" hits="96"/><line number="515" hits="96"/><line number="518" hits="2"/><line number="522" hits="0"/><line number="523" hits="0"/><line number="524" hits="0"/><line number="525" hits="0"/><line number="526" hits="0"/><line number="527" hits="0"/><line number="528" hits="0"/><line number="530" hits="0"/><line number="531" hits="0"/><line number="533" hits="0"/><line number="534" hits="0"/><line number="535" hits="0"/><line number="536" hits="0"/><line number="537" hits="0"/><line number="538" hits="0"/><line number="539" hits="0"/><line number="541" hits="0"/><line number="542" hits="0"/><line number="544" hits="0"/><line number="545" hits="0"/><line number="548" hits="0"/><line number="552" hits="0"/><line number="553" hits="0"/><line number="554" hits="0"/><line number="555" hits="0"/><line number="556" hits="0"/><line number="557" hits="0"/><line number="558" hits="0"/><line number="559" hits="0"/><line number="560" hits="0"/><line number="562" hits="0"/><line number="563" hits="0"/><line number="564" hits="0"/><line number="565" hits="0"/><line number="566" hits="0"/><line number="568" hits="0"/><line number="570" hits="0"/><line number="573" hits="0"/><line number="574" hits="0"/><line number="575" hits="0"/><line number="576" hits="0"/><line number="579" hits="0"/><line number="580" hits="0"/><line number="581" hits="0"/><line number="582" hits="0"/><line number="584" hits="0"/><line number="585" hits="0"/><line number="588" hits="0"/><line number="589" hits="0"/><line number="592" hits="0"/></lines></class><class name="bucket_fill" filename="src/tools/bucket_fill.rs" line-rate="1" branch-rate="0" complexity="0"><methods/><lines><line number="34" hits="9"/><line number="42" hits="18"/><line number="43" hits="18"/><line number="45" hits="36"/><line number="46" hits="36"/><line number="48" hits="18"/><line number="49" hits="27"/><line number="51" hits="9"/><line number="52" hits="1"/><line number="53" hits="2"/><line number="54" hits="2"/><line number="55" hits="1"/><line number="56" hits="1"/><line number="60" hits="24"/><line number="61" hits="24"/><line number="62" hits="16"/><line number="63" hits="16"/><line number="64" hits="16"/><line number="65" hits="16"/><line number="67" hits="24"/><line number="69" hits="164"/><line number="70" hits="104"/><line number="72" hits="104"/><line number="73" hits="124"/><line number="74" hits="12"/><line number="76" hits="104"/><line number="78" hits="104"/><line number="79" hits="1564"/><line number="80" hits="372"/><line number="82" hits="104"/><line number="84" hits="104"/><line number="85" hits="104"/><line number="86" hits="156"/><line number="87" hits="208"/><line number="88" hits="156"/><line number="89" hits="156"/><line number="90" hits="104"/><line number="91" hits="52"/><line number="92" hits="52"/><line number="95" hits="52"/><line number="96" hits="230"/><line number="97" hits="200"/><line number="100" hits="126"/><line number="103" hits="60"/><line number="104" hits="8"/><line number="106" hits="60"/><line number="107" hits="8"/><line number="109" hits="72"/><line number="110" hits="20"/><line number="112" hits="89"/><line number="113" hits="37"/><line number="116" hits="156"/><line number="117" hits="208"/><line number="120" hits="52"/><line number="121" hits="96"/><line number="122" hits="96"/><line number="123" hits="381"/><line number="124" hits="666"/><line number="125" hits="36"/><line number="126" hits="414"/><line number="127" hits="99"/><line number="130" hits="321"/><line number="136" hits="52"/><line number="137" hits="96"/><line number="138" hits="96"/><line number="139" hits="215"/><line number="140" hits="334"/><line number="141" hits="96"/><line number="142" hits="1182"/><line number="143" hits="285"/><line number="146" hits="135"/><line number="152" hits="16"/><line number="153" hits="56"/><line number="154" hits="16"/></lines></class><class name="circle_brush" filename="src/tools/circle_brush.rs" line-rate="0.9238578680203046" branch-rate="0" complexity="0"><methods/><lines><line number="30" hits="8"/><line number="41" hits="8"/><line number="42" hits="0"/><line number="43" hits="0"/><line number="44" hits="0"/><line number="46" hits="0"/><line number="48" hits="0"/><line number="51" hits="16"/><line number="52" hits="16"/><line number="54" hits="31"/><line number="55" hits="38"/><line number="56" hits="60"/><line number="58" hits="15"/><line number="60" hits="138"/><line number="61" hits="92"/><line number="62" hits="23"/><line number="63" hits="0"/><line number="66" hits="53"/><line number="67" hits="30"/><line number="68" hits="16"/><line number="69" hits="10"/><line number="72" hits="54"/><line number="77" hits="86"/><line number="78" hits="60"/><line number="79" hits="80"/><line number="83" hits="23"/><line number="84" hits="30"/><line number="85" hits="25"/><line number="86" hits="30"/><line number="87" hits="40"/><line number="113" hits="9"/><line number="122" hits="18"/><line number="123" hits="18"/><line number="126" hits="45"/><line number="127" hits="45"/><line number="129" hits="25"/><line number="130" hits="1"/><line number="131" hits="2"/><line number="132" hits="2"/><line number="133" hits="1"/><line number="134" hits="1"/><line number="138" hits="16"/><line number="139" hits="24"/><line number="141" hits="16"/><line number="142" hits="16"/><line number="144" hits="31"/><line number="145" hits="38"/><line number="146" hits="60"/><line number="148" hits="15"/><line number="150" hits="138"/><line number="151" hits="92"/><line number="153" hits="23"/><line number="154" hits="0"/><line number="158" hits="86"/><line number="159" hits="60"/><line number="160" hits="60"/><line number="161" hits="60"/><line number="162" hits="80"/><line number="163" hits="100"/><line number="164" hits="80"/><line number="165" hits="60"/><line number="166" hits="40"/><line number="167" hits="20"/><line number="168" hits="20"/><line number="173" hits="23"/><line number="174" hits="30"/><line number="175" hits="25"/><line number="176" hits="30"/><line number="177" hits="30"/><line number="178" hits="30"/><line number="179" hits="40"/><line number="180" hits="50"/><line number="181" hits="40"/><line number="182" hits="30"/><line number="183" hits="20"/><line number="184" hits="10"/><line number="185" hits="10"/><line number="193" hits="8"/><line number="194" hits="8"/><line number="195" hits="8"/><line number="196" hits="8"/><line number="197" hits="8"/><line number="198" hits="8"/><line number="199" hits="8"/><line number="200" hits="8"/><line number="201" hits="8"/><line number="204" hits="32"/><line number="205" hits="32"/><line number="206" hits="32"/><line number="207" hits="32"/><line number="208" hits="48"/><line number="209" hits="24"/><line number="235" hits="9"/><line number="247" hits="9"/><line number="248" hits="14"/><line number="249" hits="14"/><line number="250" hits="14"/><line number="251" hits="14"/><line number="252" hits="21"/><line number="253" hits="21"/><line number="254" hits="21"/><line number="255" hits="21"/><line number="256" hits="14"/><line number="258" hits="37"/><line number="259" hits="37"/><line number="260" hits="37"/><line number="261" hits="37"/><line number="263" hits="111"/><line number="264" hits="111"/><line number="265" hits="74"/><line number="266" hits="111"/><line number="268" hits="51"/><line number="269" hits="7"/><line number="271" hits="90"/><line number="272" hits="53"/><line number="273" hits="23"/><line number="274" hits="23"/><line number="276" hits="44"/><line number="277" hits="14"/><line number="278" hits="14"/><line number="281" hits="7"/><line number="284" hits="4"/><line number="285" hits="4"/><line number="286" hits="4"/><line number="287" hits="4"/><line number="289" hits="6"/><line number="290" hits="6"/><line number="291" hits="6"/><line number="292" hits="6"/><line number="293" hits="4"/><line number="295" hits="4"/><line number="298" hits="4"/><line number="299" hits="4"/><line number="300" hits="8"/><line number="301" hits="4"/><line number="302" hits="8"/><line number="303" hits="8"/><line number="304" hits="8"/><line number="306" hits="20"/><line number="307" hits="36"/><line number="308" hits="31"/><line number="309" hits="5"/><line number="311" hits="39"/><line number="312" hits="26"/><line number="313" hits="26"/><line number="314" hits="52"/><line number="315" hits="52"/><line number="316" hits="123"/><line number="317" hits="55"/><line number="321" hits="4"/><line number="322" hits="2"/><line number="324" hits="0"/><line number="325" hits="0"/><line number="326" hits="0"/><line number="327" hits="0"/><line number="329" hits="0"/><line number="330" hits="0"/><line number="331" hits="0"/><line number="352" hits="9"/><line number="353" hits="0"/><line number="354" hits="9"/><line number="355" hits="9"/><line number="356" hits="9"/><line number="357" hits="9"/><line number="358" hits="9"/><line number="359" hits="9"/><line number="360" hits="9"/><line number="361" hits="9"/><line number="362" hits="9"/><line number="363" hits="9"/><line number="364" hits="9"/><line number="365" hits="9"/><line number="366" hits="9"/><line number="368" hits="18"/><line number="369" hits="18"/><line number="371" hits="18"/><line number="373" hits="9"/><line number="374" hits="9"/><line number="375" hits="9"/><line number="376" hits="9"/><line number="377" hits="9"/><line number="378" hits="9"/><line number="379" hits="9"/><line number="380" hits="9"/><line number="381" hits="9"/><line number="382" hits="9"/><line number="385" hits="18"/><line number="388" hits="9"/><line number="389" hits="9"/><line number="390" hits="9"/><line number="391" hits="9"/><line number="392" hits="9"/><line number="393" hits="9"/><line number="394" hits="9"/><line number="395" hits="9"/><line number="396" hits="9"/><line number="399" hits="27"/></lines></class><class name="custom_brush" filename="src/tools/custom_brush.rs" line-rate="1" branch-rate="0" complexity="0"><methods/><lines><line number="40" hits="4"/><line number="51" hits="4"/><line number="52" hits="4"/><line number="53" hits="4"/><line number="54" hits="4"/><line number="55" hits="4"/><line number="56" hits="4"/><line number="57" hits="4"/><line number="58" hits="4"/><line number="59" hits="4"/><line number="60" hits="4"/><line number="61" hits="4"/><line number="62" hits="4"/><line number="63" hits="4"/><line number="65" hits="12"/><line number="66" hits="12"/><line number="67" hits="12"/><line number="69" hits="8"/><line number="70" hits="8"/><line number="71" hits="12"/><line number="72" hits="12"/><line number="73" hits="8"/><line number="74" hits="3"/><line number="76" hits="2"/><line number="79" hits="8"/><line number="81" hits="15"/><line number="82" hits="22"/><line number="83" hits="3"/><line number="85" hits="8"/><line number="87" hits="33"/><line number="88" hits="33"/><line number="105" hits="11"/><line number="106" hits="11"/><line number="107" hits="11"/><line number="108" hits="11"/><line number="109" hits="11"/><line number="110" hits="11"/><line number="111" hits="11"/><line number="114" hits="11"/><line number="115" hits="11"/><line number="117" hits="22"/></lines></class><class name="square_brush" filename="src/tools/square_brush.rs" line-rate="0.9104477611940298" branch-rate="0" complexity="0"><methods/><lines><line number="21" hits="1014"/><line number="31" hits="1014"/><line number="32" hits="0"/><line number="33" hits="0"/><line number="34" hits="0"/><line number="35" hits="0"/><line number="36" hits="0"/><line number="37" hits="0"/><line number="41" hits="3094"/><line number="42" hits="3120"/><line number="43" hits="3120"/><line number="44" hits="3120"/><line number="45" hits="3120"/><line number="65" hits="9"/><line number="77" hits="18"/><line number="79" hits="18"/><line number="80" hits="18"/><line number="81" hits="18"/><line number="82" hits="18"/><line number="84" hits="27"/><line number="85" hits="27"/><line number="86" hits="27"/><line number="87" hits="27"/><line number="88" hits="18"/><line number="91" hits="117"/><line number="92" hits="117"/><line number="93" hits="78"/><line number="94" hits="39"/><line number="95" hits="117"/><line number="96" hits="117"/><line number="97" hits="78"/><line number="98" hits="78"/><line number="99" hits="39"/><line number="100" hits="117"/><line number="101" hits="117"/><line number="102" hits="78"/><line number="103" hits="39"/><line number="104" hits="117"/><line number="105" hits="117"/><line number="106" hits="78"/><line number="107" hits="78"/><line number="108" hits="39"/><line number="110" hits="156"/><line number="111" hits="156"/><line number="113" hits="163"/><line number="114" hits="248"/><line number="115" hits="960"/><line number="116" hits="1254"/><line number="117" hits="418"/><line number="121" hits="55"/><line number="122" hits="9"/><line number="124" hits="90"/><line number="125" hits="53"/><line number="126" hits="23"/><line number="127" hits="23"/><line number="129" hits="44"/><line number="130" hits="14"/><line number="131" hits="14"/><line number="157" hits="1014"/><line number="167" hits="2028"/><line number="168" hits="2028"/><line number="171" hits="4056"/><line number="172" hits="4056"/><line number="173" hits="4056"/><line number="174" hits="4056"/><line number="177" hits="2028"/><line number="178" hits="0"/><line number="179" hits="0"/><line number="180" hits="0"/><line number="181" hits="0"/><line number="182" hits="0"/><line number="186" hits="2028"/><line number="189" hits="3042"/><line number="191" hits="3094"/><line number="192" hits="3120"/><line number="193" hits="3120"/><line number="194" hits="3120"/><line number="195" hits="3120"/><line number="197" hits="4160"/><line number="198" hits="5200"/><line number="199" hits="4160"/><line number="201" hits="3120"/><line number="202" hits="2080"/><line number="203" hits="1040"/><line number="204" hits="1040"/><line number="210" hits="1014"/><line number="211" hits="1014"/><line number="212" hits="1014"/><line number="213" hits="1014"/><line number="214" hits="1014"/><line number="215" hits="1014"/><line number="216" hits="1014"/><line number="217" hits="1014"/><line number="220" hits="6084"/><line number="221" hits="3042"/><line number="247" hits="9"/><line number="248" hits="0"/><line number="249" hits="9"/><line number="250" hits="9"/><line number="251" hits="9"/><line number="252" hits="9"/><line number="253" hits="9"/><line number="254" hits="9"/><line number="255" hits="9"/><line number="256" hits="9"/><line number="257" hits="9"/><line number="258" hits="9"/><line number="259" hits="9"/><line number="260" hits="9"/><line number="261" hits="9"/><line number="263" hits="18"/><line number="264" hits="18"/><line number="266" hits="18"/><line number="268" hits="9"/><line number="269" hits="9"/><line number="270" hits="9"/><line number="271" hits="9"/><line number="272" hits="9"/><line number="273" hits="9"/><line number="274" hits="9"/><line number="275" hits="9"/><line number="276" hits="9"/><line number="277" hits="9"/><line number="280" hits="18"/><line number="283" hits="9"/><line number="284" hits="9"/><line number="285" hits="9"/><line number="286" hits="9"/><line number="287" hits="9"/><line number="288" hits="9"/><line number="289" hits="9"/><line number="290" hits="9"/><line number="291" hits="9"/><line number="294" hits="27"/></lines></class><class name="stamp_brush" filename="src/tools/stamp_brush.rs" line-rate="0.9239130434782609" branch-rate="0" complexity="0"><methods/><lines><line number="16" hits="227"/><line number="23" hits="454"/><line number="24" hits="227"/><line number="28" hits="8"/><line number="35" hits="16"/><line number="36" hits="16"/><line number="37" hits="32"/><line number="38" hits="32"/><line number="39" hits="32"/><line number="40" hits="32"/><line number="41" hits="16"/><line number="42" hits="16"/><line number="44" hits="16"/><line number="45" hits="16"/><line number="46" hits="16"/><line number="47" hits="16"/><line number="49" hits="8"/><line number="50" hits="384"/><line number="53" hits="32"/><line number="54" hits="32"/><line number="55" hits="32"/><line number="56" hits="32"/><line number="59" hits="32"/><line number="60" hits="32"/><line number="61" hits="32"/><line number="62" hits="32"/><line number="66" hits="24"/><line number="67" hits="24"/><line number="68" hits="24"/><line number="69" hits="24"/><line number="90" hits="13"/><line number="113" hits="26"/><line number="114" hits="26"/><line number="118" hits="26"/><line number="119" hits="26"/><line number="120" hits="26"/><line number="121" hits="26"/><line number="124" hits="13"/><line number="125" hits="13"/><line number="126" hits="12"/><line number="127" hits="12"/><line number="129" hits="1"/><line number="133" hits="48"/><line number="134" hits="48"/><line number="135" hits="48"/><line number="136" hits="48"/><line number="138" hits="24"/><line number="139" hits="0"/><line number="142" hits="24"/><line number="143" hits="24"/><line number="144" hits="24"/><line number="145" hits="24"/><line number="146" hits="24"/><line number="149" hits="24"/><line number="150" hits="36"/><line number="151" hits="121"/><line number="152" hits="73"/><line number="153" hits="146"/><line number="156" hits="24"/><line number="157" hits="24"/><line number="159" hits="46"/><line number="160" hits="68"/><line number="161" hits="102"/><line number="162" hits="68"/><line number="165" hits="34"/><line number="166" hits="102"/><line number="167" hits="68"/><line number="169" hits="406"/><line number="170" hits="338"/><line number="173" hits="169"/><line number="174" hits="4"/><line number="175" hits="0"/><line number="176" hits="0"/><line number="177" hits="0"/><line number="178" hits="0"/><line number="179" hits="0"/><line number="182" hits="4"/><line number="186" hits="169"/><line number="187" hits="0"/><line number="188" hits="0"/><line number="189" hits="0"/><line number="190" hits="0"/><line number="191" hits="0"/><line number="192" hits="0"/><line number="195" hits="0"/><line number="199" hits="330"/><line number="201" hits="157"/><line number="202" hits="157"/><line number="203" hits="157"/><line number="204" hits="157"/><line number="205" hits="157"/><line number="208" hits="16"/><line number="209" hits="48"/><line number="214" hits="169"/><line number="215" hits="8"/><line number="216" hits="8"/><line number="217" hits="8"/><line number="218" hits="8"/><line number="219" hits="4"/><line number="223" hits="330"/><line number="225" hits="364"/><line number="226" hits="34"/><line number="228" hits="495"/><line number="230" hits="330"/><line number="231" hits="12"/><line number="233" hits="161"/><line number="236" hits="165"/><line number="238" hits="169"/><line number="239" hits="4"/><line number="242" hits="660"/><line number="245" hits="102"/><line number="246" hits="136"/><line number="247" hits="102"/><line number="248" hits="68"/><line number="249" hits="34"/><line number="250" hits="34"/><line number="285" hits="14"/><line number="294" hits="0"/><line number="295" hits="14"/><line number="296" hits="14"/><line number="297" hits="14"/><line number="298" hits="14"/><line number="299" hits="14"/><line number="300" hits="14"/><line number="301" hits="14"/><line number="302" hits="14"/><line number="303" hits="14"/><line number="304" hits="14"/><line number="305" hits="14"/><line number="306" hits="14"/><line number="307" hits="14"/><line number="309" hits="28"/><line number="310" hits="28"/><line number="311" hits="28"/><line number="313" hits="27"/><line number="314" hits="2"/><line number="315" hits="4"/><line number="316" hits="4"/><line number="317" hits="2"/><line number="318" hits="2"/><line number="322" hits="36"/><line number="323" hits="12"/><line number="324" hits="24"/><line number="328" hits="24"/><line number="329" hits="2"/><line number="331" hits="22"/><line number="334" hits="36"/><line number="335" hits="36"/><line number="336" hits="24"/><line number="338" hits="24"/><line number="339" hits="24"/><line number="340" hits="36"/><line number="341" hits="36"/><line number="342" hits="24"/><line number="343" hits="11"/><line number="345" hits="2"/><line number="348" hits="25"/><line number="349" hits="26"/><line number="350" hits="11"/><line number="352" hits="2"/><line number="354" hits="39"/><line number="355" hits="39"/><line number="358" hits="13"/><line number="359" hits="13"/><line number="360" hits="13"/><line number="361" hits="13"/><line number="362" hits="13"/><line number="363" hits="13"/><line number="364" hits="13"/><line number="365" hits="13"/><line number="366" hits="13"/><line number="367" hits="13"/><line number="368" hits="13"/><line number="369" hits="13"/><line number="370" hits="13"/><line number="371" hits="13"/><line number="372" hits="13"/><line number="373" hits="13"/><line number="374" hits="13"/><line number="375" hits="13"/><line number="376" hits="13"/><line number="377" hits="13"/><line number="378" hits="13"/><line number="382" hits="36"/></lines></class></classes></package><package name="src/ui" line-rate="0.2942643391521197" branch-rate="0" complexity="0"><classes><class name="center" filename="src/ui/center.rs" line-rate="0.0965391621129326" branch-rate="0" complexity="0"><methods/><lines><line number="42" hits="7"/><line number="43" hits="21"/><line number="44" hits="14"/><line number="45" hits="7"/><line number="46" hits="21"/><line number="47" hits="14"/><line number="48" hits="7"/><line number="49" hits="7"/><line number="55" hits="5"/><line number="63" hits="10"/><line number="64" hits="10"/><line number="65" hits="10"/><line number="66" hits="10"/><line number="67" hits="10"/><line number="68" hits="10"/><line number="70" hits="10"/><line number="71" hits="10"/><line number="88" hits="0"/><line number="89" hits="0"/><line number="90" hits="0"/><line number="92" hits="0"/><line number="100" hits="0"/><line number="101" hits="0"/><line number="103" hits="0"/><line number="104" hits="0"/><line number="105" hits="0"/><line number="106" hits="0"/><line number="109" hits="0"/><line number="110" hits="0"/><line number="112" hits="0"/><line number="115" hits="0"/><line number="116" hits="0"/><line number="117" hits="0"/><line number="118" hits="0"/><line number="121" hits="0"/><line number="122" hits="0"/><line number="124" hits="0"/><line number="126" hits="0"/><line number="127" hits="0"/><line number="129" hits="0"/><line number="132" hits="0"/><line number="134" hits="0"/><line number="135" hits="0"/><line number="136" hits="0"/><line number="137" hits="0"/><line number="139" hits="0"/><line number="142" hits="0"/><line number="143" hits="0"/><line number="144" hits="0"/><line number="145" hits="0"/><line number="146" hits="0"/><line number="147" hits="0"/><line number="148" hits="0"/><line number="150" hits="0"/><line number="154" hits="0"/><line number="158" hits="0"/><line number="159" hits="0"/><line number="160" hits="0"/><line number="161" hits="0"/><line number="162" hits="0"/><line number="163" hits="0"/><line number="164" hits="0"/><line number="165" hits="0"/><line number="168" hits="0"/><line number="169" hits="0"/><line number="170" hits="0"/><line number="171" hits="0"/><line number="173" hits="0"/><line number="174" hits="0"/><line number="176" hits="0"/><line number="178" hits="0"/><line number="181" hits="0"/><line number="182" hits="0"/><line number="183" hits="0"/><line number="184" hits="0"/><line number="186" hits="0"/><line number="187" hits="0"/><line number="189" hits="0"/><line number="191" hits="0"/><line number="195" hits="0"/><line number="196" hits="0"/><line number="197" hits="0"/><line number="198" hits="0"/><line number="199" hits="0"/><line number="202" hits="0"/><line number="203" hits="0"/><line number="204" hits="0"/><line number="205" hits="0"/><line number="206" hits="0"/><line number="207" hits="0"/><line number="208" hits="0"/><line number="209" hits="0"/><line number="214" hits="0"/><line number="216" hits="0"/><line number="217" hits="0"/><line number="218" hits="0"/><line number="219" hits="0"/><line number="220" hits="0"/><line number="223" hits="0"/><line number="224" hits="0"/><line number="225" hits="0"/><line number="226" hits="0"/><line number="227" hits="0"/><line number="228" hits="0"/><line number="231" hits="0"/><line number="232" hits="0"/><line number="233" hits="0"/><line number="234" hits="0"/><line number="235" hits="0"/><line number="236" hits="0"/><line number="242" hits="0"/><line number="243" hits="0"/><line number="244" hits="0"/><line number="245" hits="0"/><line number="246" hits="0"/><line number="247" hits="0"/><line number="248" hits="0"/><line number="250" hits="0"/><line number="252" hits="0"/><line number="253" hits="0"/><line number="254" hits="0"/><line number="255" hits="0"/><line number="256" hits="0"/><line number="257" hits="0"/><line number="258" hits="0"/><line number="259" hits="0"/><line number="260" hits="0"/><line number="261" hits="0"/><line number="262" hits="0"/><line number="263" hits="0"/><line number="266" hits="0"/><line number="272" hits="0"/><line number="273" hits="0"/><line number="274" hits="0"/><line number="277" hits="0"/><line number="278" hits="0"/><line number="280" hits="0"/><line number="282" hits="0"/><line number="283" hits="0"/><line number="287" hits="0"/><line number="288" hits="0"/><line number="289" hits="0"/><line number="292" hits="0"/><line number="293" hits="0"/><line number="296" hits="0"/><line number="297" hits="0"/><line number="299" hits="0"/><line number="300" hits="0"/><line number="301" hits="0"/><line number="302" hits="0"/><line number="303" hits="0"/><line number="304" hits="0"/><line number="305" hits="0"/><line number="306" hits="0"/><line number="308" hits="0"/><line number="309" hits="0"/><line number="310" hits="0"/><line number="311" hits="0"/><line number="312" hits="0"/><line number="313" hits="0"/><line number="319" hits="0"/><line number="321" hits="0"/><line number="322" hits="0"/><line number="323" hits="0"/><line number="324" hits="0"/><line number="325" hits="0"/><line number="326" hits="0"/><line number="328" hits="0"/><line number="329" hits="0"/><line number="330" hits="0"/><line number="331" hits="0"/><line number="332" hits="0"/><line number="333" hits="0"/><line number="334" hits="0"/><line number="335" hits="0"/><line number="338" hits="0"/><line number="339" hits="0"/><line number="342" hits="0"/><line number="343" hits="0"/><line number="344" hits="0"/><line number="350" hits="0"/><line number="351" hits="0"/><line number="353" hits="0"/><line number="354" hits="0"/><line number="355" hits="0"/><line number="356" hits="0"/><line number="357" hits="0"/><line number="358" hits="0"/><line number="359" hits="0"/><line number="360" hits="0"/><line number="361" hits="0"/><line number="362" hits="0"/><line number="365" hits="0"/><line number="367" hits="0"/><line number="368" hits="0"/><line number="370" hits="0"/><line number="372" hits="0"/><line number="374" hits="0"/><line number="377" hits="0"/><line number="378" hits="0"/><line number="379" hits="0"/><line number="381" hits="0"/><line number="383" hits="0"/><line number="384" hits="0"/><line number="385" hits="0"/><line number="386" hits="0"/><line number="387" hits="0"/><line number="388" hits="0"/><line number="389" hits="0"/><line number="390" hits="0"/><line number="391" hits="0"/><line number="392" hits="0"/><line number="393" hits="0"/><line number="394" hits="0"/><line number="399" hits="0"/><line number="401" hits="0"/><line number="402" hits="0"/><line number="403" hits="0"/><line number="404" hits="0"/><line number="405" hits="0"/><line number="406" hits="0"/><line number="407" hits="0"/><line number="408" hits="0"/><line number="409" hits="0"/><line number="410" hits="0"/><line number="411" hits="0"/><line number="412" hits="0"/><line number="419" hits="0"/><line number="420" hits="0"/><line number="421" hits="0"/><line number="424" hits="0"/><line number="425" hits="0"/><line number="426" hits="0"/><line number="428" hits="0"/><line number="429" hits="0"/><line number="431" hits="0"/><line number="432" hits="0"/><line number="433" hits="0"/><line number="435" hits="0"/><line number="436" hits="0"/><line number="439" hits="0"/><line number="440" hits="0"/><line number="441" hits="0"/><line number="443" hits="0"/><line number="444" hits="0"/><line number="448" hits="0"/><line number="449" hits="0"/><line number="450" hits="0"/><line number="453" hits="0"/><line number="454" hits="0"/><line number="456" hits="0"/><line number="457" hits="0"/><line number="458" hits="0"/><line number="459" hits="0"/><line number="460" hits="0"/><line number="461" hits="0"/><line number="463" hits="0"/><line number="464" hits="0"/><line number="468" hits="0"/><line number="469" hits="0"/><line number="470" hits="0"/><line number="472" hits="0"/><line number="473" hits="0"/><line number="476" hits="0"/><line number="477" hits="0"/><line number="478" hits="0"/><line number="480" hits="0"/><line number="481" hits="0"/><line number="482" hits="0"/><line number="483" hits="0"/><line number="485" hits="0"/><line number="486" hits="0"/><line number="487" hits="0"/><line number="488" hits="0"/><line number="490" hits="0"/><line number="495" hits="0"/><line number="496" hits="0"/><line number="497" hits="0"/><line number="500" hits="0"/><line number="501" hits="0"/><line number="502" hits="0"/><line number="504" hits="0"/><line number="505" hits="0"/><line number="509" hits="0"/><line number="510" hits="0"/><line number="511" hits="0"/><line number="514" hits="0"/><line number="515" hits="0"/><line number="518" hits="0"/><line number="519" hits="0"/><line number="521" hits="0"/><line number="522" hits="0"/><line number="523" hits="0"/><line number="525" hits="0"/><line number="526" hits="0"/><line number="527" hits="0"/><line number="528" hits="0"/><line number="529" hits="0"/><line number="531" hits="0"/><line number="532" hits="0"/><line number="533" hits="0"/><line number="534" hits="0"/><line number="535" hits="0"/><line number="537" hits="0"/><line number="539" hits="0"/><line number="540" hits="0"/><line number="543" hits="0"/><line number="545" hits="0"/><line number="549" hits="0"/><line number="550" hits="0"/><line number="551" hits="0"/><line number="568" hits="0"/><line number="569" hits="0"/><line number="570" hits="0"/><line number="572" hits="0"/><line number="573" hits="0"/><line number="575" hits="0"/><line number="576" hits="0"/><line number="577" hits="0"/><line number="580" hits="0"/><line number="581" hits="0"/><line number="582" hits="0"/><line number="583" hits="0"/><line number="584" hits="0"/><line number="586" hits="0"/><line number="596" hits="0"/><line number="597" hits="0"/><line number="598" hits="0"/><line number="601" hits="0"/><line number="602" hits="0"/><line number="604" hits="0"/><line number="606" hits="0"/><line number="608" hits="0"/><line number="609" hits="0"/><line number="611" hits="0"/><line number="612" hits="0"/><line number="613" hits="0"/><line number="614" hits="0"/><line number="617" hits="0"/><line number="618" hits="0"/><line number="620" hits="0"/><line number="621" hits="0"/><line number="622" hits="0"/><line number="623" hits="0"/><line number="624" hits="0"/><line number="625" hits="0"/><line number="626" hits="0"/><line number="627" hits="0"/><line number="628" hits="0"/><line number="629" hits="0"/><line number="630" hits="0"/><line number="631" hits="0"/><line number="632" hits="0"/><line number="633" hits="0"/><line number="635" hits="0"/><line number="636" hits="0"/><line number="637" hits="0"/><line number="638" hits="0"/><line number="639" hits="0"/><line number="642" hits="0"/><line number="643" hits="0"/><line number="644" hits="0"/><line number="645" hits="0"/><line number="646" hits="0"/><line number="647" hits="0"/><line number="648" hits="0"/><line number="649" hits="0"/><line number="650" hits="0"/><line number="651" hits="0"/><line number="652" hits="0"/><line number="653" hits="0"/><line number="654" hits="0"/><line number="655" hits="0"/><line number="658" hits="0"/><line number="659" hits="0"/><line number="660" hits="0"/><line number="661" hits="0"/><line number="662" hits="0"/><line number="663" hits="0"/><line number="664" hits="0"/><line number="665" hits="0"/><line number="666" hits="0"/><line number="667" hits="0"/><line number="668" hits="0"/><line number="669" hits="0"/><line number="671" hits="0"/><line number="672" hits="0"/><line number="673" hits="0"/><line number="674" hits="0"/><line number="675" hits="0"/><line number="678" hits="0"/><line number="683" hits="0"/><line number="684" hits="0"/><line number="686" hits="0"/><line number="687" hits="0"/><line number="688" hits="0"/><line number="689" hits="0"/><line number="690" hits="0"/><line number="691" hits="0"/><line number="692" hits="0"/><line number="693" hits="0"/><line number="694" hits="0"/><line number="695" hits="0"/><line number="696" hits="0"/><line number="697" hits="0"/><line number="698" hits="0"/><line number="699" hits="0"/><line number="701" hits="0"/><line number="702" hits="0"/><line number="703" hits="0"/><line number="704" hits="0"/><line number="705" hits="0"/><line number="708" hits="0"/><line number="709" hits="0"/><line number="710" hits="0"/><line number="711" hits="0"/><line number="712" hits="0"/><line number="713" hits="0"/><line number="714" hits="0"/><line number="715" hits="0"/><line number="718" hits="0"/><line number="719" hits="0"/><line number="720" hits="0"/><line number="721" hits="0"/><line number="722" hits="0"/><line number="723" hits="0"/><line number="724" hits="0"/><line number="725" hits="0"/><line number="726" hits="0"/><line number="727" hits="0"/><line number="728" hits="0"/><line number="729" hits="0"/><line number="731" hits="0"/><line number="732" hits="0"/><line number="733" hits="0"/><line number="734" hits="0"/><line number="735" hits="0"/><line number="738" hits="0"/><line number="743" hits="0"/><line number="744" hits="0"/><line number="746" hits="0"/><line number="747" hits="0"/><line number="750" hits="0"/><line number="751" hits="0"/><line number="752" hits="0"/><line number="753" hits="0"/><line number="755" hits="0"/><line number="758" hits="0"/><line number="760" hits="0"/><line number="761" hits="0"/><line number="762" hits="0"/><line number="763" hits="0"/><line number="764" hits="0"/><line number="765" hits="0"/><line number="766" hits="0"/><line number="767" hits="0"/><line number="768" hits="0"/><line number="769" hits="0"/><line number="770" hits="0"/><line number="772" hits="0"/><line number="773" hits="0"/><line number="774" hits="0"/><line number="775" hits="0"/><line number="776" hits="0"/><line number="777" hits="0"/><line number="778" hits="0"/><line number="779" hits="0"/><line number="780" hits="0"/><line number="781" hits="0"/><line number="787" hits="0"/><line number="788" hits="0"/><line number="790" hits="0"/><line number="791" hits="0"/><line number="794" hits="0"/><line number="795" hits="0"/><line number="796" hits="0"/><line number="797" hits="0"/><line number="799" hits="0"/><line number="802" hits="0"/><line number="804" hits="0"/><line number="805" hits="0"/><line number="806" hits="0"/><line number="807" hits="0"/><line number="808" hits="0"/><line number="809" hits="0"/><line number="810" hits="0"/><line number="811" hits="0"/><line number="812" hits="0"/><line number="813" hits="0"/><line number="814" hits="0"/><line number="816" hits="0"/><line number="817" hits="0"/><line number="818" hits="0"/><line number="819" hits="0"/><line number="820" hits="0"/><line number="821" hits="0"/><line number="822" hits="0"/><line number="823" hits="0"/><line number="824" hits="0"/><line number="825" hits="0"/><line number="826" hits="0"/><line number="835" hits="20"/><line number="836" hits="40"/><line number="837" hits="60"/><line number="839" hits="60"/><line number="841" hits="40"/><line number="843" hits="40"/><line number="846" hits="80"/><line number="849" hits="100"/><line number="850" hits="48"/><line number="851" hits="7"/><line number="852" hits="0"/><line number="853" hits="7"/><line number="854" hits="0"/><line number="855" hits="0"/><line number="857" hits="6"/><line number="858" hits="0"/><line number="859" hits="0"/><line number="861" hits="0"/><line number="862" hits="0"/><line number="865" hits="6"/><line number="869" hits="28"/><line number="870" hits="28"/><line number="872" hits="84"/><line number="880" hits="2"/><line number="894" hits="6"/><line number="895" hits="6"/><line number="896" hits="4"/><line number="897" hits="4"/><line number="899" hits="10"/><line number="900" hits="6"/><line number="901" hits="10"/><line number="902" hits="6"/><line number="904" hits="8"/><line number="905" hits="8"/><line number="906" hits="6"/><line number="907" hits="6"/><line number="910" hits="6"/><line number="911" hits="6"/><line number="914" hits="2"/><line number="915" hits="0"/><line number="916" hits="0"/><line number="917" hits="0"/><line number="918" hits="0"/><line number="919" hits="0"/><line number="923" hits="4"/><line number="924" hits="2"/><line number="926" hits="4"/><line number="927" hits="2"/></lines></class><class name="dialogs" filename="src/ui/dialogs.rs" line-rate="0.6579925650557621" branch-rate="0" complexity="0"><methods/><lines><line number="20" hits="11"/><line number="21" hits="22"/><line number="22" hits="0"/><line number="24" hits="22"/><line number="25" hits="33"/><line number="26" hits="11"/><line number="29" hits="22"/><line number="30" hits="22"/><line number="31" hits="33"/><line number="32" hits="44"/><line number="33" hits="33"/><line number="34" hits="33"/><line number="35" hits="23"/><line number="36" hits="2"/><line number="38" hits="22"/><line number="39" hits="0"/><line number="43" hits="33"/><line number="44" hits="22"/><line number="45" hits="0"/><line number="50" hits="22"/><line number="51" hits="22"/><line number="52" hits="13"/><line number="53" hits="2"/><line number="55" hits="11"/><line number="56" hits="0"/><line number="61" hits="11"/><line number="62" hits="33"/><line number="63" hits="0"/><line number="65" hits="22"/><line number="66" hits="44"/><line number="67" hits="22"/><line number="68" hits="11"/><line number="71" hits="22"/><line number="72" hits="22"/><line number="73" hits="33"/><line number="74" hits="33"/><line number="78" hits="33"/><line number="79" hits="22"/><line number="80" hits="0"/><line number="81" hits="0"/><line number="82" hits="0"/><line number="83" hits="0"/><line number="84" hits="0"/><line number="85" hits="0"/><line number="87" hits="23"/><line number="88" hits="1"/><line number="92" hits="11"/><line number="93" hits="0"/><line number="98" hits="11"/><line number="99" hits="22"/><line number="100" hits="0"/><line number="102" hits="33"/><line number="103" hits="22"/><line number="104" hits="22"/><line number="105" hits="22"/><line number="106" hits="11"/><line number="107" hits="22"/><line number="108" hits="22"/><line number="109" hits="0"/><line number="111" hits="22"/><line number="115" hits="22"/><line number="116" hits="11"/><line number="119" hits="22"/><line number="120" hits="22"/><line number="121" hits="33"/><line number="122" hits="33"/><line number="123" hits="33"/><line number="124" hits="22"/><line number="125" hits="0"/><line number="126" hits="0"/><line number="128" hits="23"/><line number="129" hits="1"/><line number="133" hits="11"/><line number="134" hits="0"/><line number="139" hits="11"/><line number="140" hits="11"/><line number="141" hits="0"/><line number="143" hits="22"/><line number="144" hits="11"/><line number="147" hits="22"/><line number="148" hits="22"/><line number="149" hits="33"/><line number="150" hits="33"/><line number="151" hits="165"/><line number="152" hits="165"/><line number="153" hits="0"/><line number="154" hits="0"/><line number="158" hits="22"/><line number="159" hits="22"/><line number="160" hits="22"/><line number="161" hits="11"/><line number="162" hits="11"/><line number="163" hits="11"/><line number="165" hits="11"/><line number="167" hits="22"/><line number="168" hits="11"/><line number="169" hits="11"/><line number="170" hits="11"/><line number="172" hits="11"/><line number="174" hits="33"/><line number="175" hits="22"/><line number="176" hits="0"/><line number="177" hits="0"/><line number="178" hits="0"/><line number="180" hits="0"/><line number="181" hits="0"/><line number="182" hits="0"/><line number="184" hits="0"/><line number="185" hits="0"/><line number="186" hits="0"/><line number="187" hits="0"/><line number="190" hits="0"/><line number="191" hits="0"/><line number="192" hits="0"/><line number="194" hits="0"/><line number="195" hits="0"/><line number="196" hits="0"/><line number="197" hits="0"/><line number="201" hits="23"/><line number="202" hits="1"/><line number="206" hits="11"/><line number="207" hits="0"/><line number="217" hits="4"/><line number="218" hits="8"/><line number="219" hits="0"/><line number="221" hits="8"/><line number="222" hits="8"/><line number="223" hits="16"/><line number="224" hits="8"/><line number="226" hits="0"/><line number="228" hits="0"/><line number="229" hits="0"/><line number="230" hits="0"/><line number="231" hits="0"/><line number="234" hits="4"/><line number="237" hits="8"/><line number="238" hits="8"/><line number="239" hits="12"/><line number="240" hits="12"/><line number="241" hits="12"/><line number="242" hits="8"/><line number="243" hits="0"/><line number="244" hits="0"/><line number="245" hits="0"/><line number="247" hits="0"/><line number="248" hits="0"/><line number="250" hits="0"/><line number="252" hits="12"/><line number="253" hits="0"/><line number="254" hits="0"/><line number="256" hits="12"/><line number="257" hits="0"/><line number="261" hits="8"/><line number="262" hits="0"/><line number="268" hits="2"/><line number="269" hits="3"/><line number="270" hits="1"/><line number="272" hits="2"/><line number="278" hits="3"/><line number="279" hits="3"/><line number="280" hits="2"/><line number="281" hits="2"/><line number="283" hits="1"/><line number="284" hits="1"/><line number="286" hits="0"/><line number="287" hits="0"/><line number="289" hits="0"/><line number="290" hits="0"/><line number="292" hits="0"/><line number="293" hits="0"/><line number="299" hits="11"/><line number="300" hits="22"/><line number="301" hits="0"/><line number="303" hits="22"/><line number="304" hits="22"/><line number="305" hits="22"/><line number="306" hits="11"/><line number="309" hits="22"/><line number="310" hits="22"/><line number="311" hits="33"/><line number="312" hits="33"/><line number="313" hits="22"/><line number="314" hits="22"/><line number="315" hits="33"/><line number="318" hits="33"/><line number="319" hits="23"/><line number="320" hits="1"/><line number="322" hits="22"/><line number="323" hits="0"/><line number="324" hits="0"/><line number="325" hits="0"/><line number="326" hits="0"/><line number="327" hits="0"/><line number="328" hits="0"/><line number="329" hits="0"/><line number="330" hits="0"/><line number="331" hits="0"/><line number="332" hits="0"/><line number="333" hits="0"/><line number="335" hits="0"/><line number="336" hits="0"/><line number="339" hits="32"/><line number="340" hits="10"/><line number="345" hits="11"/><line number="346" hits="22"/><line number="347" hits="0"/><line number="349" hits="22"/><line number="350" hits="22"/><line number="351" hits="22"/><line number="352" hits="11"/><line number="355" hits="22"/><line number="356" hits="22"/><line number="357" hits="22"/><line number="358" hits="33"/><line number="359" hits="33"/><line number="361" hits="22"/><line number="363" hits="22"/><line number="365" hits="33"/><line number="366" hits="11"/><line number="367" hits="22"/><line number="368" hits="33"/><line number="369" hits="44"/><line number="370" hits="33"/><line number="371" hits="22"/><line number="372" hits="22"/><line number="373" hits="11"/><line number="374" hits="22"/><line number="376" hits="33"/><line number="377" hits="22"/><line number="378" hits="0"/><line number="384" hits="22"/><line number="385" hits="11"/><line number="386" hits="0"/><line number="389" hits="22"/><line number="390" hits="33"/><line number="391" hits="23"/><line number="392" hits="1"/><line number="394" hits="22"/><line number="395" hits="0"/><line number="399" hits="12"/><line number="400" hits="1"/><line number="401" hits="11"/><line number="402" hits="0"/><line number="403" hits="0"/><line number="405" hits="0"/><line number="406" hits="0"/><line number="407" hits="0"/><line number="409" hits="0"/><line number="410" hits="0"/><line number="411" hits="0"/><line number="412" hits="0"/><line number="413" hits="0"/><line number="414" hits="0"/><line number="415" hits="0"/><line number="419" hits="0"/><line number="420" hits="10"/><line number="421" hits="0"/><line number="426" hits="7"/><line number="427" hits="17"/><line number="428" hits="2"/><line number="430" hits="5"/><line number="431" hits="8"/><line number="432" hits="8"/><line number="433" hits="12"/><line number="434" hits="8"/><line number="435" hits="8"/><line number="436" hits="4"/><line number="437" hits="8"/><line number="441" hits="1"/></lines></class><class name="left" filename="src/ui/left.rs" line-rate="0.49264705882352944" branch-rate="0" complexity="0"><methods/><lines><line number="22" hits="9"/><line number="23" hits="18"/><line number="24" hits="9"/><line number="26" hits="18"/><line number="27" hits="9"/><line number="28" hits="9"/><line number="31" hits="18"/><line number="32" hits="9"/><line number="33" hits="9"/><line number="36" hits="18"/><line number="37" hits="9"/><line number="38" hits="9"/><line number="41" hits="18"/><line number="42" hits="9"/><line number="43" hits="9"/><line number="46" hits="18"/><line number="47" hits="9"/><line number="48" hits="9"/><line number="51" hits="18"/><line number="52" hits="9"/><line number="53" hits="9"/><line number="56" hits="18"/><line number="57" hits="9"/><line number="58" hits="9"/><line number="62" hits="18"/><line number="63" hits="18"/><line number="64" hits="9"/><line number="65" hits="9"/><line number="69" hits="18"/><line number="72" hits="9"/><line number="73" hits="6"/><line number="75" hits="6"/><line number="76" hits="0"/><line number="77" hits="0"/><line number="80" hits="9"/><line number="81" hits="9"/><line number="83" hits="3"/><line number="85" hits="0"/><line number="86" hits="0"/><line number="87" hits="0"/><line number="88" hits="0"/><line number="89" hits="0"/><line number="91" hits="0"/><line number="92" hits="0"/><line number="93" hits="0"/><line number="94" hits="0"/><line number="97" hits="0"/><line number="98" hits="0"/><line number="101" hits="0"/><line number="103" hits="0"/><line number="104" hits="0"/><line number="105" hits="0"/><line number="106" hits="0"/><line number="107" hits="0"/><line number="110" hits="0"/><line number="111" hits="0"/><line number="112" hits="0"/><line number="117" hits="0"/><line number="118" hits="0"/><line number="120" hits="3"/><line number="123" hits="3"/><line number="124" hits="0"/><line number="126" hits="3"/><line number="127" hits="0"/><line number="132" hits="9"/><line number="133" hits="6"/><line number="135" hits="6"/><line number="136" hits="0"/><line number="137" hits="0"/><line number="140" hits="9"/><line number="141" hits="9"/><line number="143" hits="3"/><line number="145" hits="0"/><line number="146" hits="0"/><line number="147" hits="0"/><line number="148" hits="0"/><line number="149" hits="0"/><line number="151" hits="0"/><line number="152" hits="0"/><line number="153" hits="0"/><line number="154" hits="0"/><line number="157" hits="0"/><line number="158" hits="0"/><line number="161" hits="0"/><line number="163" hits="0"/><line number="164" hits="0"/><line number="165" hits="0"/><line number="166" hits="0"/><line number="167" hits="0"/><line number="170" hits="0"/><line number="171" hits="0"/><line number="172" hits="0"/><line number="177" hits="0"/><line number="178" hits="0"/><line number="180" hits="3"/><line number="183" hits="3"/><line number="184" hits="0"/><line number="186" hits="3"/><line number="187" hits="0"/><line number="193" hits="11"/><line number="201" hits="22"/><line number="203" hits="11"/><line number="204" hits="22"/><line number="205" hits="33"/><line number="206" hits="25"/><line number="207" hits="70"/><line number="208" hits="28"/><line number="210" hits="0"/><line number="211" hits="28"/><line number="212" hits="3"/><line number="214" hits="11"/><line number="216" hits="42"/><line number="217" hits="42"/><line number="218" hits="14"/><line number="219" hits="0"/><line number="220" hits="0"/><line number="221" hits="0"/><line number="222" hits="0"/><line number="224" hits="0"/><line number="225" hits="0"/><line number="227" hits="0"/><line number="228" hits="0"/><line number="231" hits="28"/><line number="234" hits="42"/><line number="235" hits="42"/><line number="236" hits="42"/><line number="237" hits="29"/><line number="238" hits="1"/><line number="248" hits="0"/><line number="249" hits="0"/><line number="250" hits="0"/><line number="251" hits="0"/><line number="252" hits="0"/><line number="254" hits="0"/><line number="255" hits="0"/><line number="256" hits="0"/></lines></class><class name="panels" filename="src/ui/panels.rs" line-rate="0" branch-rate="0" complexity="0"><methods/><lines><line number="11" hits="0"/><line number="12" hits="0"/><line number="13" hits="0"/><line number="16" hits="0"/><line number="17" hits="0"/><line number="18" hits="0"/><line number="20" hits="0"/></lines></class><class name="right" filename="src/ui/right.rs" line-rate="0.5533980582524272" branch-rate="0" complexity="0"><methods/><lines><line number="44" hits="6"/><line number="45" hits="12"/><line number="46" hits="12"/><line number="47" hits="12"/><line number="48" hits="18"/><line number="49" hits="12"/><line number="50" hits="12"/><line number="51" hits="6"/><line number="52" hits="6"/><line number="54" hits="6"/><line number="56" hits="0"/><line number="58" hits="18"/><line number="61" hits="12"/><line number="63" hits="12"/><line number="64" hits="12"/><line number="65" hits="18"/><line number="69" hits="12"/><line number="70" hits="12"/><line number="71" hits="12"/><line number="72" hits="30"/><line number="73" hits="12"/><line number="74" hits="6"/><line number="77" hits="18"/><line number="78" hits="18"/><line number="79" hits="12"/><line number="80" hits="6"/><line number="81" hits="12"/><line number="82" hits="12"/><line number="83" hits="6"/><line number="85" hits="12"/><line number="86" hits="6"/><line number="89" hits="12"/><line number="90" hits="6"/><line number="91" hits="6"/><line number="92" hits="6"/><line number="93" hits="6"/><line number="95" hits="6"/><line number="99" hits="12"/><line number="100" hits="12"/><line number="101" hits="12"/><line number="102" hits="12"/><line number="103" hits="6"/><line number="106" hits="12"/><line number="107" hits="18"/><line number="108" hits="12"/><line number="109" hits="0"/><line number="112" hits="24"/><line number="113" hits="18"/><line number="116" hits="18"/><line number="118" hits="24"/><line number="119" hits="18"/><line number="120" hits="0"/><line number="122" hits="12"/><line number="125" hits="18"/><line number="127" hits="18"/><line number="128" hits="18"/><line number="129" hits="0"/><line number="133" hits="30"/><line number="135" hits="0"/><line number="136" hits="0"/><line number="137" hits="0"/><line number="138" hits="0"/><line number="142" hits="0"/><line number="143" hits="0"/><line number="144" hits="0"/><line number="145" hits="0"/><line number="147" hits="0"/><line number="151" hits="0"/><line number="152" hits="0"/><line number="153" hits="0"/><line number="156" hits="0"/><line number="157" hits="0"/><line number="158" hits="0"/><line number="161" hits="0"/><line number="162" hits="0"/><line number="163" hits="0"/><line number="166" hits="0"/><line number="167" hits="0"/><line number="168" hits="0"/><line number="170" hits="0"/><line number="171" hits="0"/><line number="175" hits="12"/><line number="176" hits="0"/><line number="182" hits="6"/><line number="183" hits="0"/><line number="184" hits="0"/><line number="188" hits="6"/><line number="189" hits="0"/><line number="190" hits="0"/><line number="191" hits="0"/><line number="192" hits="0"/><line number="195" hits="0"/><line number="196" hits="0"/><line number="197" hits="0"/><line number="200" hits="0"/><line number="201" hits="0"/><line number="202" hits="0"/><line number="205" hits="0"/><line number="206" hits="0"/><line number="208" hits="0"/><line number="209" hits="0"/><line number="211" hits="0"/><line number="212" hits="0"/></lines></class><class name="top" filename="src/ui/top.rs" line-rate="0" branch-rate="0" complexity="0"><methods/><lines><line number="18" hits="0"/><line number="19" hits="0"/><line number="22" hits="0"/><line number="23" hits="0"/><line number="24" hits="0"/><line number="26" hits="0"/><line number="29" hits="0"/><line number="31" hits="0"/><line number="33" hits="0"/><line number="34" hits="0"/><line number="36" hits="0"/><line number="37" hits="0"/><line number="39" hits="0"/><line number="40" hits="0"/><line number="42" hits="0"/><line number="43" hits="0"/><line number="46" hits="0"/><line number="47" hits="0"/><line number="48" hits="0"/><line number="51" hits="0"/><line number="52" hits="0"/><line number="55" hits="0"/><line number="56" hits="0"/><line number="58" hits="0"/><line number="59" hits="0"/><line number="62" hits="0"/><line number="63" hits="0"/><line number="65" hits="0"/><line number="67" hits="0"/><line number="68" hits="0"/><line number="70" hits="0"/><line number="71" hits="0"/><line number="73" hits="0"/><line number="74" hits="0"/><line number="76" hits="0"/><line number="77" hits="0"/><line number="79" hits="0"/><line number="80" hits="0"/><line number="85" hits="0"/><line number="86" hits="0"/><line number="88" hits="0"/><line number="89" hits="0"/><line number="91" hits="0"/><line number="92" hits="0"/><line number="93" hits="0"/><line number="95" hits="0"/><line number="96" hits="0"/><line number="98" hits="0"/><line number="100" hits="0"/><line number="101" hits="0"/><line number="102" hits="0"/><line number="104" hits="0"/><line number="105" hits="0"/><line number="107" hits="0"/><line number="108" hits="0"/><line number="109" hits="0"/><line number="110" hits="0"/><line number="113" hits="0"/><line number="115" hits="0"/><line number="116" hits="0"/><line number="117" hits="0"/><line number="119" hits="0"/><line number="120" hits="0"/><line number="122" hits="0"/><line number="126" hits="0"/><line number="127" hits="0"/><line number="128" hits="0"/><line number="132" hits="0"/><line number="133" hits="0"/><line number="137" hits="0"/><line number="138" hits="0"/><line number="139" hits="0"/><line number="140" hits="0"/><line number="141" hits="0"/><line number="142" hits="0"/><line number="143" hits="0"/><line number="144" hits="0"/><line number="150" hits="0"/><line number="151" hits="0"/><line number="152" hits="0"/><line number="153" hits="0"/><line number="154" hits="0"/><line number="155" hits="0"/><line number="156" hits="0"/><line number="157" hits="0"/><line number="158" hits="0"/><line number="165" hits="0"/><line number="166" hits="0"/><line number="167" hits="0"/><line number="171" hits="0"/><line number="172" hits="0"/><line number="173" hits="0"/><line number="174" hits="0"/><line number="175" hits="0"/><line number="176" hits="0"/><line number="178" hits="0"/><line number="179" hits="0"/><line number="180" hits="0"/><line number="181" hits="0"/><line number="182" hits="0"/><line number="187" hits="0"/><line number="188" hits="0"/><line number="189" hits="0"/><line number="190" hits="0"/><line number="191" hits="0"/><line number="192" hits="0"/><line number="193" hits="0"/><line number="194" hits="0"/><line number="197" hits="0"/><line number="200" hits="0"/><line number="201" hits="0"/><line number="204" hits="0"/><line number="205" hits="0"/><line number="206" hits="0"/><line number="207" hits="0"/><line number="208" hits="0"/><line number="209" hits="0"/><line number="211" hits="0"/><line number="212" hits="0"/><line number="213" hits="0"/><line number="215" hits="0"/><line number="219" hits="0"/><line number="220" hits="0"/><line number="221" hits="0"/><line number="222" hits="0"/><line number="223" hits="0"/><line number="224" hits="0"/><line number="225" hits="0"/><line number="226" hits="0"/><line number="228" hits="0"/><line number="229" hits="0"/><line number="230" hits="0"/><line number="232" hits="0"/><line number="235" hits="0"/><line number="238" hits="0"/><line number="239" hits="0"/><line number="240" hits="0"/><line number="241" hits="0"/><line number="245" hits="0"/></lines></class></classes></package><package name="src/tests" line-rate="0" branch-rate="0" complexity="0"><classes></classes></package><package name="src" line-rate="0.5590142671854734" branch-rate="0" complexity="0"><classes><class name="asset_library" filename="src/asset_library.rs" line-rate="0.8706896551724138" branch-rate="0" complexity="0"><methods/><lines><line number="64" hits="0"/><line number="65" hits="0"/><line number="66" hits="0"/><line number="67" hits="0"/><line number="68" hits="0"/><line number="78" hits="123"/><line number="79" hits="492"/><line number="80" hits="492"/><line number="82" hits="369"/><line number="84" hits="246"/><line number="85" hits="123"/><line number="86" hits="6"/><line number="87" hits="6"/><line number="88" hits="21"/><line number="89" hits="6"/><line number="90" hits="6"/><line number="92" hits="9"/><line number="95" hits="6"/><line number="97" hits="9"/><line number="100" hits="21"/><line number="101" hits="21"/><line number="103" hits="9"/><line number="104" hits="6"/><line number="105" hits="9"/><line number="106" hits="9"/><line number="107" hits="9"/><line number="108" hits="30"/><line number="110" hits="60"/><line number="112" hits="24"/><line number="114" hits="15"/><line number="115" hits="27"/><line number="123" hits="492"/><line number="132" hits="0"/><line number="133" hits="0"/><line number="134" hits="0"/><line number="135" hits="0"/><line number="138" hits="0"/><line number="141" hits="0"/><line number="142" hits="0"/><line number="144" hits="0"/><line number="145" hits="0"/><line number="151" hits="43"/><line number="152" hits="129"/><line number="153" hits="43"/><line number="156" hits="86"/><line number="158" hits="129"/><line number="161" hits="387"/><line number="164" hits="129"/><line number="165" hits="86"/><line number="166" hits="129"/><line number="167" hits="86"/><line number="168" hits="43"/><line number="172" hits="86"/><line number="173" hits="43"/><line number="175" hits="129"/><line number="176" hits="215"/><line number="177" hits="86"/><line number="178" hits="86"/><line number="180" hits="129"/><line number="181" hits="43"/><line number="182" hits="86"/><line number="186" hits="11"/><line number="187" hits="22"/><line number="188" hits="3"/><line number="191" hits="24"/><line number="192" hits="24"/><line number="194" hits="24"/><line number="196" hits="16"/><line number="197" hits="8"/><line number="198" hits="10"/><line number="199" hits="5"/><line number="201" hits="0"/><line number="203" hits="6"/><line number="204" hits="3"/><line number="208" hits="16"/><line number="212" hits="9"/><line number="213" hits="24"/><line number="214" hits="6"/><line number="219" hits="9"/><line number="220" hits="9"/><line number="224" hits="34"/><line number="225" hits="94"/><line number="229" hits="4"/><line number="230" hits="10"/><line number="234" hits="9"/><line number="235" hits="9"/><line number="239" hits="19"/><line number="240" hits="38"/><line number="244" hits="12"/><line number="245" hits="24"/><line number="249" hits="13"/><line number="250" hits="26"/><line number="254" hits="51"/><line number="255" hits="153"/><line number="256" hits="51"/><line number="258" hits="117"/><line number="259" hits="132"/><line number="260" hits="132"/><line number="261" hits="132"/><line number="262" hits="66"/><line number="264" hits="132"/><line number="265" hits="132"/><line number="266" hits="66"/><line number="268" hits="132"/><line number="269" hits="132"/><line number="270" hits="132"/><line number="272" hits="132"/><line number="273" hits="132"/><line number="274" hits="132"/><line number="276" hits="183"/><line number="277" hits="68"/><line number="279" hits="66"/><line number="283" hits="153"/><line number="284" hits="102"/><line number="285" hits="153"/><line number="286" hits="102"/></lines></class><class name="brush_library" filename="src/brush_library.rs" line-rate="0.627906976744186" branch-rate="0" complexity="0"><methods/><lines><line number="23" hits="0"/><line number="24" hits="0"/><line number="25" hits="0"/><line number="26" hits="0"/><line number="27" hits="0"/><line number="28" hits="0"/><line number="29" hits="0"/><line number="30" hits="0"/><line number="40" hits="0"/><line number="41" hits="0"/><line number="46" hits="28"/><line number="47" hits="28"/><line number="49" hits="0"/><line number="50" hits="0"/><line number="52" hits="20"/><line number="53" hits="20"/><line number="55" hits="11"/><line number="56" hits="11"/><line number="58" hits="11"/><line number="59" hits="11"/><line number="61" hits="0"/><line number="62" hits="0"/><line number="64" hits="39"/><line number="65" hits="39"/><line number="67" hits="39"/><line number="68" hits="39"/><line number="70" hits="0"/><line number="71" hits="0"/><line number="73" hits="11"/><line number="74" hits="11"/><line number="77" hits="51"/><line number="78" hits="51"/><line number="80" hits="15"/><line number="81" hits="15"/><line number="84" hits="17"/><line number="85" hits="34"/><line number="86" hits="34"/><line number="87" hits="17"/><line number="91" hits="1"/><line number="99" hits="8"/><line number="116" hits="11"/><line number="127" hits="22"/><line number="134" hits="44"/></lines></class><class name="brush_params" filename="src/brush_params.rs" line-rate="1" branch-rate="0" complexity="0"><methods/><lines><line number="69" hits="2"/><line number="97" hits="2"/><line number="98" hits="2"/><line number="99" hits="2"/><line number="100" hits="2"/><line number="104" hits="2"/><line number="105" hits="2"/><line number="106" hits="2"/><line number="107" hits="2"/><line number="111" hits="1"/><line number="112" hits="1"/><line number="113" hits="1"/><line number="117" hits="2"/><line number="119" hits="4"/><line number="120" hits="4"/><line number="121" hits="4"/><line number="122" hits="4"/><line number="123" hits="4"/><line number="124" hits="4"/><line number="125" hits="4"/><line number="
[...]
-rate="0.8258706467661692" branch-rate="0" complexity="0"><methods/><lines><line number="42" hits="12"/><line number="43" hits="36"/><line number="44" hits="36"/><line number="45" hits="56"/><line number="46" hits="4"/><line number="47" hits="0"/><line number="49" hits="8"/><line number="53" hits="15"/><line number="54" hits="2"/><line number="55" hits="0"/><line number="56" hits="0"/><line number="57" hits="0"/><line number="61" hits="24"/><line number="62" hits="28"/><line number="63" hits="16"/><line number="64" hits="1"/><line number="65" hits="0"/><line number="66" hits="2"/><line number="71" hits="10"/><line number="72" hits="5"/><line number="86" hits="0"/><line number="87" hits="0"/><line number="108" hits="11"/><line number="109" hits="22"/><line number="110" hits="33"/><line number="112" hits="33"/><line number="113" hits="33"/><line number="114" hits="33"/><line number="115" hits="22"/><line number="116" hits="11"/><line number="132" hits="1"/><line number="133" hits="2"/><line number="134" hits="3"/><line number="135" hits="1"/><line number="152" hits="12"/><line number="153" hits="36"/><line number="154" hits="30"/><line number="169" hits="12"/><line number="170" hits="36"/><line number="171" hits="24"/><line number="193" hits="5"/><line number="194" hits="15"/><line number="195" hits="15"/><line number="196" hits="23"/><line number="197" hits="2"/><line number="198" hits="0"/><line number="200" hits="4"/><line number="204" hits="6"/><line number="205" hits="0"/><line number="206" hits="0"/><line number="207" hits="0"/><line number="208" hits="0"/><line number="212" hits="12"/><line number="213" hits="14"/><line number="214" hits="8"/><line number="215" hits="0"/><line number="216" hits="0"/><line number="217" hits="0"/><line number="222" hits="6"/><line number="223" hits="3"/><line number="237" hits="0"/><line number="238" hits="0"/><line number="253" hits="5"/><line number="254" hits="15"/><line number="255" hits="10"/><line number="273" hits="4"/><line number="274" hits="12"/><line number="275" hits="12"/><line number="276" hits="8"/><line number="277" hits="4"/><line number="293" hits="1"/><line number="294" hits="2"/><line number="295" hits="3"/><line number="296" hits="1"/><line number="313" hits="5"/><line number="314" hits="15"/><line number="315" hits="9"/><line number="355" hits="0"/><line number="363" hits="0"/><line number="365" hits="0"/><line number="367" hits="0"/><line number="370" hits="0"/><line number="394" hits="19"/><line number="401" hits="38"/><line number="402" hits="19"/><line number="403" hits="1"/><line number="405" hits="54"/><line number="406" hits="36"/><line number="408" hits="54"/><line number="410" hits="18"/><line number="413" hits="186"/><line number="414" hits="336"/><line number="415" hits="840"/><line number="419" hits="32"/><line number="421" hits="40"/><line number="422" hits="40"/><line number="423" hits="24"/><line number="424" hits="8"/><line number="427" hits="480"/><line number="428" hits="1120"/><line number="430" hits="168"/><line number="431" hits="168"/><line number="432" hits="168"/><line number="433" hits="168"/><line number="436" hits="54"/><line number="437" hits="54"/><line number="441" hits="18"/><line number="442" hits="6"/><line number="444" hits="26"/><line number="446" hits="6"/><line number="447" hits="2"/><line number="448" hits="2"/><line number="449" hits="2"/><line number="450" hits="2"/><line number="452" hits="2"/><line number="456" hits="16"/><line number="457" hits="2"/><line number="458" hits="3"/><line number="459" hits="33"/><line number="460" hits="48"/><line number="461" hits="48"/><line number="462" hits="48"/><line number="463" hits="64"/><line number="464" hits="64"/><line number="465" hits="48"/><line number="467" hits="3"/><line number="468" hits="2"/><line number="469" hits="1"/><line number="470" hits="1"/><line number="471" hits="1"/><line number="472" hits="1"/><line number="474" hits="1"/><line number="478" hits="15"/><line number="479" hits="2"/><line number="480" hits="3"/><line number="481" hits="33"/><line number="482" hits="80"/><line number="483" hits="80"/><line number="484" hits="80"/><line number="485" hits="48"/><line number="487" hits="3"/><line number="488" hits="3"/><line number="489" hits="2"/><line number="490" hits="1"/><line number="491" hits="1"/><line number="492" hits="1"/><line number="493" hits="1"/><line number="495" hits="1"/><line number="499" hits="70"/><line number="503" hits="16"/><line number="504" hits="0"/><line number="505" hits="0"/><line number="506" hits="0"/><line number="507" hits="0"/><line number="508" hits="0"/><line number="509" hits="0"/><line number="510" hits="0"/><line number="511" hits="0"/><line number="512" hits="0"/><line number="513" hits="0"/><line number="515" hits="0"/><line number="516" hits="0"/><line number="517" hits="0"/><line number="521" hits="14"/><line number="522" hits="3"/><line number="523" hits="3"/><line number="524" hits="3"/><line number="525" hits="1"/><line number="529" hits="39"/><line number="540" hits="13"/><line number="541" hits="3"/><line number="542" hits="9"/><line number="545" hits="3"/><line number="547" hits="6"/><line number="548" hits="3"/><line number="549" hits="3"/><line number="550" hits="3"/><line number="551" hits="3"/><line number="553" hits="4"/><line number="556" hits="1"/><line number="560" hits="11"/><line number="577" hits="5"/><line number="578" hits="15"/><line number="579" hits="15"/><line number="580" hits="15"/><line number="581" hits="10"/><line number="583" hits="15"/><line number="584" hits="74"/><line number="585" hits="224"/><line number="586" hits="96"/><line number="589" hits="10"/><line number="590" hits="10"/><line number="591" hits="5"/><line number="592" hits="15"/><line number="593" hits="10"/><line number="594" hits="10"/><line number="596" hits="10"/><line number="597" hits="10"/><line number="598" hits="15"/><line number="599" hits="5"/><line number="600" hits="5"/></lines></class><class name="main" filename="src/main.rs" line-rate="0" branch-rate="0" complexity="0"><methods/><lines><line number="56" hits="0"/><line number="57" hits="0"/><line number="59" hits="0"/><line number="60" hits="0"/><line number="65" hits="0"/><line number="70" hits="0"/><line number="71" hits="0"/><line number="72" hits="0"/><line number="73" hits="0"/><line number="74" hits="0"/><line number="75" hits="0"/><line number="77" hits="0"/><line number="80" hits="0"/><line number="83" hits="0"/><line number="85" hits="0"/><line number="87" hits="0"/></lines></class><class name="persistence" filename="src/persistence.rs" line-rate="1" branch-rate="0" complexity="0"><methods/><lines><line number="14" hits="18"/><line number="15" hits="36"/><line number="16" hits="1"/><line number="18" hits="152"/><line number="19" hits="51"/><line number="20" hits="34"/><line number="24" hits="4"/><line number="25" hits="4"/><line number="29" hits="3"/><line number="31" hits="9"/><line number="32" hits="3"/><line number="34" hits="9"/><line number="35" hits="9"/><line number="36" hits="6"/><line number="41" hits="2"/><line number="42" hits="4"/><line number="43" hits="4"/><line number="44" hits="4"/><line number="45" hits="2"/><line number="46" hits="2"/><line number="48" hits="1"/></lines></class><class name="pixel" filename="src/pixel.rs" line-rate="0.2430939226519337" branch-rate="0" complexity="0"><methods/><lines><line number="28" hits="160"/><line number="29" hits="480"/><line number="30" hits="319"/><line number="31" hits="159"/><line number="33" hits="2"/><line number="34" hits="2"/><line number="35" hits="2"/><line number="36" hits="2"/><line number="37" hits="5"/><line number="53" hits="8"/><line number="54" hits="24"/><line number="57" hits="8"/><line number="58" hits="1"/><line number="62" hits="7"/><line number="63" hits="2"/><line number="68" hits="10"/><line number="69" hits="10"/><line number="70" hits="10"/><line number="72" hits="25"/><line number="85" hits="0"/><line number="88" hits="0"/><line number="89" hits="0"/><line number="92" hits="0"/><line number="93" hits="0"/><line number="94" hits="0"/><line number="95" hits="0"/><line number="97" hits="0"/><line number="98" hits="0"/><line number="99" hits="0"/><line number="100" hits="0"/><line number="102" hits="0"/><line number="105" hits="0"/><line number="106" hits="0"/><line number="107" hits="0"/><line number="108" hits="0"/><line number="117" hits="0"/><line number="118" hits="0"/><line number="119" hits="0"/><line number="120" hits="0"/><line number="121" hits="0"/><line number="122" hits="0"/><line number="124" hits="0"/><line number="125" hits="0"/><line number="126" hits="0"/><line number="127" hits="0"/><line number="128" hits="0"/><line number="130" hits="0"/><line number="131" hits="0"/><line number="132" hits="0"/><line number="133" hits="0"/><line number="134" hits="0"/><line number="136" hits="0"/><line number="137" hits="0"/><line number="138" hits="0"/><line number="139" hits="0"/><line number="140" hits="0"/><line number="142" hits="0"/><line number="143" hits="0"/><line number="144" hits="0"/><line number="145" hits="0"/><line number="146" hits="0"/><line number="149" hits="0"/><line number="150" hits="0"/><line number="151" hits="0"/><line number="152" hits="0"/><line number="153" hits="0"/><line number="155" hits="0"/><line number="156" hits="0"/><line number="157" hits="0"/><line number="158" hits="0"/><line number="159" hits="0"/><line number="161" hits="0"/><line number="162" hits="0"/><line number="163" hits="0"/><line number="164" hits="0"/><line number="165" hits="0"/><line number="167" hits="0"/><line number="168" hits="0"/><line number="169" hits="0"/><line number="170" hits="0"/><line number="171" hits="0"/><line number="173" hits="0"/><line number="174" hits="0"/><line number="175" hits="0"/><line number="176" hits="0"/><line number="177" hits="0"/><line number="181" hits="0"/><line number="182" hits="0"/><line number="183" hits="0"/><line number="184" hits="0"/><line number="185" hits="0"/><line number="186" hits="0"/><line number="189" hits="0"/><line number="191" hits="0"/><line number="192" hits="0"/><line number="193" hits="0"/><line number="194" hits="0"/><line number="197" hits="0"/><line number="198" hits="0"/><line number="199" hits="0"/><line number="200" hits="0"/><line number="202" hits="0"/><line number="203" hits="0"/><line number="204" hits="0"/><line number="205" hits="0"/><line number="206" hits="0"/><line number="207" hits="0"/><line number="222" hits="10"/><line number="229" hits="20"/><line number="232" hits="20"/><line number="233" hits="50"/><line number="234" hits="30"/><line number="235" hits="30"/><line number="236" hits="10"/><line number="240" hits="0"/><line number="241" hits="0"/><line number="242" hits="0"/><line number="244" hits="0"/><line number="246" hits="0"/><line number="247" hits="0"/><line number="248" hits="0"/><line number="249" hits="0"/><line number="254" hits="0"/><line number="255" hits="0"/><line number="256" hits="0"/><line number="257" hits="0"/><line number="258" hits="0"/><line number="259" hits="0"/><line number="260" hits="0"/><line number="261" hits="0"/><line number="262" hits="0"/><line number="264" hits="0"/><line number="265" hits="0"/><line number="266" hits="0"/><line number="270" hits="0"/><line number="271" hits="0"/><line number="272" hits="0"/><line number="273" hits="0"/><line number="274" hits="0"/><line number="275" hits="0"/><line number="276" hits="0"/><line number="278" hits="0"/><line number="279" hits="0"/><line number="282" hits="0"/><line number="283" hits="0"/><line number="286" hits="0"/><line number="287" hits="0"/><line number="293" hits="0"/><line number="294" hits="0"/><line number="295" hits="0"/><line number="296" hits="0"/><line number="297" hits="0"/><line number="298" hits="0"/><line number="299" hits="0"/><line number="300" hits="0"/><line number="302" hits="0"/><line number="303" hits="0"/><line number="304" hits="0"/><line number="326" hits="5"/><line number="327" hits="5"/><line number="328" hits="5"/><line number="329" hits="0"/><line number="332" hits="15"/><line number="334" hits="25"/><line number="335" hits="5"/><line number="336" hits="10"/><line number="337" hits="0"/><line number="338" hits="0"/><line number="341" hits="5"/><line number="342" hits="10"/><line number="343" hits="5"/><line number="344" hits="0"/><line number="347" hits="20"/><line number="371" hits="1"/><line number="380" hits="2"/><line number="381" hits="0"/><line number="383" hits="2"/><line number="384" hits="11"/><line number="385" hits="15"/><line number="386" hits="15"/><line number="387" hits="20"/></lines></class><class name="stamp_library" filename="src/stamp_library.rs" line-rate="0.6153846153846154" branch-rate="0" complexity="0"><methods/><lines><line number="21" hits="0"/><line number="22" hits="0"/><line number="23" hits="0"/><line number="24" hits="0"/><line number="25" hits="0"/><line number="26" hits="0"/><line number="27" hits="0"/><line number="37" hits="0"/><line number="38" hits="0"/><line number="43" hits="37"/><line number="44" hits="37"/><line number="46" hits="0"/><line number="47" hits="0"/><line number="49" hits="25"/><line number="50" hits="25"/><line number="52" hits="15"/><line number="53" hits="15"/><line number="55" hits="15"/><line number="56" hits="15"/><line number="58" hits="0"/><line number="59" hits="0"/><line number="61" hits="52"/><line number="62" hits="52"/><line number="64" hits="52"/><line number="65" hits="52"/><line number="67" hits="0"/><line number="68" hits="0"/><line number="70" hits="15"/><line number="71" hits="15"/><line number="74" hits="56"/><line number="75" hits="56"/><line number="77" hits="19"/><line number="78" hits="19"/><line number="81" hits="22"/><line number="82" hits="22"/><line number="85" hits="1"/><line number="108" hits="15"/><line number="118" hits="30"/><line number="124" hits="60"/></lines></class><class name="tool_configuration" filename="src/tool_configuration.rs" line-rate="1" branch-rate="0" complexity="0"><methods/><lines><line number="62" hits="44"/><line number="65" hits="88"/></lines></class><class name="undo" filename="src/undo.rs" line-rate="0.3258426966292135" branch-rate="0" complexity="0"><methods/><lines><line number="22" hits="0"/><line number="23" hits="0"/><line number="24" hits="0"/><line number="25" hits="0"/><line number="52" hits="1401"/><line number="53" hits="2802"/><line number="54" hits="1401"/><line number="55" hits="1289"/><line number="57" hits="224"/><line number="58" hits="2456"/><line number="59" hits="111"/><line number="61" hits="1"/><line number="129" hits="8"/><line number="130" hits="8"/><line number="131" hits="0"/><line number="132" hits="8"/><line number="133" hits="0"/><line number="134" hits="8"/><line number="135" hits="0"/><line number="136" hits="0"/><line number="137" hits="16"/><line number="138" hits="35"/><line number="139" hits="54"/><line number="140" hits="27"/><line number="141" hits="0"/><line number="142" hits="0"/><line number="144" hits="54"/><line number="145" hits="81"/><line number="150" hits="0"/><line number="151" hits="0"/><line number="153" hits="0"/><line number="154" hits="0"/><line number="156" hits="0"/><line number="157" hits="0"/><line number="158" hits="0"/><line number="159" hits="0"/><line number="160" hits="0"/><line number="162" hits="0"/><line number="163" hits="0"/><line number="164" hits="0"/><line number="165" hits="0"/><line number="166" hits="0"/><line number="167" hits="0"/><line number="168" hits="0"/><line number="169" hits="0"/><line number="170" hits="0"/><line number="171" hits="0"/><line number="172" hits="0"/><line number="173" hits="0"/><line number="174" hits="0"/><line number="191" hits="4"/><line number="192" hits="4"/><line number="193" hits="0"/><line number="194" hits="4"/><line number="195" hits="4"/><line number="196" hits="4"/><line number="197" hits="4"/><line number="198" hits="0"/><line number="199" hits="8"/><line number="200" hits="4"/><line number="201" hits="0"/><line number="202" hits="0"/><line number="203" hits="0"/><line number="204" hits="0"/><line number="208" hits="28"/><line number="209" hits="36"/><line number="210" hits="36"/><line number="214" hits="0"/><line number="215" hits="0"/><line number="217" hits="0"/><line number="218" hits="0"/><line number="220" hits="0"/><line number="221" hits="0"/><line number="222" hits="0"/><line number="223" hits="0"/><line number="224" hits="0"/><line number="226" hits="0"/><line number="227" hits="0"/><line number="228" hits="0"/><line number="229" hits="0"/><line number="230" hits="0"/><line number="231" hits="0"/><line number="232" hits="0"/><line number="233" hits="0"/><line number="234" hits="0"/><line number="235" hits="0"/><line number="236" hits="0"/><line number="237" hits="0"/><line number="238" hits="0"/></lines></class><class name="undo_history" filename="src/undo_history.rs" line-rate="0.87" branch-rate="0" complexity="0"><methods/><lines><line number="44" hits="0"/><line number="45" hits="0"/><line number="46" hits="0"/><line number="47" hits="0"/><line number="48" hits="0"/><line number="49" hits="0"/><line number="50" hits="0"/><line number="51" hits="0"/><line number="52" hits="0"/><line number="65" hits="126"/><line number="67" hits="252"/><line number="69" hits="378"/><line number="71" hits="252"/><line number="84" hits="1062"/><line number="85" hits="1062"/><line number="86" hits="3186"/><line number="87" hits="3186"/><line number="88" hits="1064"/><line number="89" hits="1"/><line number="91" hits="1062"/><line number="98" hits="3"/><line number="99" hits="3"/><line number="100" hits="4"/><line number="101" hits="1"/><line number="102" hits="1"/><line number="104" hits="3"/><line number="114" hits="6"/><line number="115" hits="13"/><line number="116" hits="2"/><line number="118" hits="13"/><line number="119" hits="2"/><line number="121" hits="6"/><line number="122" hits="6"/><line number="129" hits="0"/><line number="131" hits="0"/><line number="132" hits="0"/><line number="133" hits="0"/><line number="141" hits="2"/><line number="142" hits="2"/><line number="143" hits="3"/><line number="144" hits="1"/><line number="145" hits="1"/><line number="161" hits="1"/><line number="168" hits="2"/><line number="169" hits="2"/><line number="170" hits="2"/><line number="171" hits="2"/><line number="172" hits="1"/><line number="173" hits="1"/><line number="189" hits="4"/><line number="190" hits="8"/><line number="191" hits="6"/><line number="192" hits="8"/><line number="193" hits="2"/><line number="200" hits="2"/><line number="201" hits="4"/><line number="203" hits="3"/><line number="204" hits="3"/><line number="205" hits="2"/><line number="206" hits="2"/><line number="208" hits="2"/><line number="216" hits="1"/><line number="217" hits="2"/><line number="222" hits="4"/><line number="223" hits="8"/><line number="228" hits="4"/><line number="229" hits="8"/><line number="234" hits="1"/><line number="235" hits="1"/><line number="240" hits="1"/><line number="241" hits="1"/><line number="246" hits="4"/><line number="247" hits="4"/><line number="252" hits="1"/><line number="253" hits="1"/><line number="258" hits="1"/><line number="259" hits="102"/><line number="264" hits="2"/><line number="265" hits="2"/><line number="269" hits="4"/><line number="270" hits="8"/><line number="271" hits="4"/><line number="275" hits="13"/><line number="276" hits="26"/><line number="280" hits="11"/><line number="281" hits="11"/><line number="298" hits="8"/><line number="300" hits="16"/><line number="301" hits="8"/><line number="302" hits="24"/><line number="303" hits="16"/><line number="304" hits="24"/><line number="305" hits="24"/><line number="306" hits="8"/><line number="324" hits="4"/><line number="326" hits="20"/><line number="327" hits="8"/><line number="328" hits="16"/><line number="329" hits="8"/><line number="330" hits="12"/></lines></class></classes></package></packages></coverage>